INFO:  latexindent version 3.24.4, 2024-07-18, a script to indent .tex files
       latexindent lives here: /usr/local/texlive/2024/texmf-dist/scripts/latexindent/
       Mon Sep 16 22:36:16 2024
       Filename: /home/ricardoalmeida/github_projects/latex_projects/02_NFTVotingProposal/Sections/__latexindent_temp_4_Conclusion.tex
INFO:  Processing switches:
       -y|--yaml: YAML settings specified via command line
       -c|--cruft: cruft directory
INFO:  Directory for backup files and log file /home/ricardoalmeida/github_projects/latex_projects/02_NFTVotingProposal/indent.log:
       /home/ricardoalmeida/github_projects/latex_projects/02_NFTVotingProposal/
INFO:  YAML settings read: defaultSettings.yaml
       Reading defaultSettings.yaml from /usr/local/texlive/2024/texmf-dist/scripts/latexindent/defaultSettings.yaml
INFO:  YAML reading settings
       Home directory is /home/ricardoalmeida
       latexindent.pl didn't find indentconfig.yaml or .indentconfig.yaml
       see all possible locations: https://latexindentpl.readthedocs.io/en/latest/sec-appendices.html#indentconfig-options)
INFO:  YAML settings read: -y switch
       YAML setting: defaultIndent:'    '
       single-quoted string found in -y switch: '    ', substitute to     
       Updating mainSettings with defaultIndent:     
INFO:  Phase 1: searching for objects
INFO:  Phase 2: finding surrounding indentation
INFO:  Phase 3: indenting objects
INFO:  Phase 4: final indentation check
INFO:  Output routine:
       Not outputting to file; see -w and -o switches for more options.
       --------------
INFO:  Please direct all communication/issues to:
        https://github.com/cmhughes/latexindent.pl
